<?xml version="1.0" encoding="UTF-8"?>
<!-- Generated by org.testng.reporters.JUnitXMLReporter -->
<testsuite hostname="L505613" ignored="0" name="Welcome Page Test" tests="5" failures="0" timestamp="03 Sep 2021 05:26:57 GMT" time="7.372" errors="0">
  <testcase name="verifyWelcomePageTitleTest" time="0.07" classname="com.qa.demoBlaze.test.WelcomePageTest"/>
  <testcase name="verifyWelcomePageHeaderTest" time="0.031" classname="com.qa.demoBlaze.test.WelcomePageTest"/>
  <testcase name="verifyDepartureCitySelectTest" time="0.154" classname="com.qa.demoBlaze.test.WelcomePageTest"/>
  <testcase name="verifyToCitySelectTest" time="0.188" classname="com.qa.demoBlaze.test.WelcomePageTest"/>
  <testcase name="verifyFindFlightsTest" time="0.912" classname="com.qa.demoBlaze.test.WelcomePageTest"/>
</testsuite> <!-- Welcome Page Test -->
