<?xml version="1.0" encoding="UTF-8"?>
<!-- Generated by org.testng.reporters.JUnitXMLReporter -->
<testsuite hostname="L505613" ignored="3" name="Default test" tests="1" failures="0" timestamp="03 Sep 2021 05:14:44 GMT" time="4.524" errors="0">
  <testcase name="@BeforeClass PurchasePageSetup" time="0.0" classname="com.qa.demoBlaze.test.PurchasePageTest">
    <failure type="java.lang.NullPointerException">
      <![CDATA[java.lang.NullPointerException
at com.qa.demoBlaze.test.PurchasePageTest.PurchasePageSetup(PurchasePageTest.java:23)
at sun.reflect.NativeMethodAccessorImpl.invoke0(Native Method)
at sun.reflect.NativeMethodAccessorImpl.invoke(NativeMethodAccessorImpl.java:62)
at sun.reflect.DelegatingMethodAccessorImpl.invoke(DelegatingMethodAccessorImpl.java:43)
at java.lang.reflect.Method.invoke(Method.java:498)
at org.testng.internal.MethodInvocationHelper.invokeMethod(MethodInvocationHelper.java:124)
at org.testng.internal.MethodInvocationHelper.invokeMethodConsideringTimeout(MethodInvocationHelper.java:59)
at org.testng.internal.Invoker.invokeConfigurationMethod(Invoker.java:458)
at org.testng.internal.Invoker.invokeConfigurations(Invoker.java:222)
at org.testng.internal.Invoker.invokeConfigurations(Invoker.java:142)
at org.testng.internal.TestMethodWorker.invokeBeforeClassMethods(TestMethodWorker.java:168)
at org.testng.internal.TestMethodWorker.run(TestMethodWorker.java:105)
at org.testng.TestRunner.privateRun(TestRunner.java:648)
at org.testng.TestRunner.run(TestRunner.java:505)
at org.testng.SuiteRunner.runTest(SuiteRunner.java:455)
at org.testng.SuiteRunner.runSequentially(SuiteRunner.java:450)
at org.testng.SuiteRunner.privateRun(SuiteRunner.java:415)
at org.testng.SuiteRunner.run(SuiteRunner.java:364)
at org.testng.SuiteRunnerWorker.runSuite(SuiteRunnerWorker.java:52)
at org.testng.SuiteRunnerWorker.run(SuiteRunnerWorker.java:84)
at org.testng.TestNG.runSuitesSequentially(TestNG.java:1208)
at org.testng.TestNG.runSuitesLocally(TestNG.java:1137)
at org.testng.TestNG.runSuites(TestNG.java:1049)
at org.testng.TestNG.run(TestNG.java:1017)
at org.testng.remote.AbstractRemoteTestNG.run(AbstractRemoteTestNG.java:115)
at org.testng.remote.RemoteTestNG.initAndRun(RemoteTestNG.java:251)
at org.testng.remote.RemoteTestNG.main(RemoteTestNG.java:77)
]]>
    </failure>
  </testcase> <!-- @BeforeClass PurchasePageSetup -->
  <testcase name="@AfterTest tearDown" time="0.0" classname="com.qa.demoBlaze.base.BaseTest">
    <skipped/>
  </testcase> <!-- @AfterTest tearDown -->
  <testcase name="verifyPurchasePageTitleTest" time="0.0" classname="com.qa.demoBlaze.test.PurchasePageTest">
    <skipped/>
  </testcase> <!-- verifyPurchasePageTitleTest -->
  <testcase name="verifyConfirmationID" time="0.0" classname="com.qa.demoBlaze.test.PurchasePageTest">
    <ignored/>
  </testcase> <!-- verifyConfirmationID -->
  <testcase name="verifyPurchaseFormFillingTest" time="0.0" classname="com.qa.demoBlaze.test.PurchasePageTest">
    <ignored/>
  </testcase> <!-- verifyPurchaseFormFillingTest -->
  <testcase name="doPurchaseBtnClickTest" time="0.0" classname="com.qa.demoBlaze.test.PurchasePageTest">
    <ignored/>
  </testcase> <!-- doPurchaseBtnClickTest -->
</testsuite> <!-- Default test -->
