<?xml version="1.0" encoding="UTF-8"?>
<testng-results skipped="4" failed="0" ignored="0" total="10" passed="6">
  <reporter-output>
  </reporter-output>
  <suite name="Demo Blaze Application Regression Suite" duration-ms="21060" started-at="2021-09-03T05:26:49Z" finished-at="2021-09-03T05:27:10Z">
    <groups>
    </groups>
    <test name="Welcome Page Test" duration-ms="7372" started-at="2021-09-03T05:26:49Z" finished-at="2021-09-03T05:26:57Z">
      <class name="com.qa.demoBlaze.test.WelcomePageTest">
        <test-method status="PASS" signature="setup()[pri:0, instance:com.qa.demoBlaze.test.WelcomePageTest@7b227d8d]" name="setup" is-config="true" duration-ms="5245" started-at="2021-09-03T05:26:49Z" finished-at="2021-09-03T05:26:55Z">
          <reporter-output>
          </reporter-output>
        </test-method> <!-- setup -->
        <test-method status="PASS" signature="verifyWelcomePageTitleTest()[pri:1, instance:com.qa.demoBlaze.test.WelcomePageTest@7b227d8d]" name="verifyWelcomePageTitleTest" duration-ms="70" started-at="2021-09-03T05:26:55Z" finished-at="2021-09-03T05:26:55Z">
          <reporter-output>
          </reporter-output>
        </test-method> <!-- verifyWelcomePageTitleTest -->
        <test-method status="PASS" signature="verifyWelcomePageHeaderTest()[pri:2, instance:com.qa.demoBlaze.test.WelcomePageTest@7b227d8d]" name="verifyWelcomePageHeaderTest" duration-ms="31" started-at="2021-09-03T05:26:55Z" finished-at="2021-09-03T05:26:55Z">
          <reporter-output>
          </reporter-output>
        </test-method> <!-- verifyWelcomePageHeaderTest -->
        <test-method status="PASS" signature="verifyDepartureCitySelectTest()[pri:3, instance:com.qa.demoBlaze.test.WelcomePageTest@7b227d8d]" name="verifyDepartureCitySelectTest" duration-ms="154" started-at="2021-09-03T05:26:55Z" finished-at="2021-09-03T05:26:55Z">
          <reporter-output>
          </reporter-output>
        </test-method> <!-- verifyDepartureCitySelectTest -->
        <test-method status="PASS" signature="verifyToCitySelectTest()[pri:4, instance:com.qa.demoBlaze.test.WelcomePageTest@7b227d8d]" name="verifyToCitySelectTest" duration-ms="188" started-at="2021-09-03T05:26:55Z" finished-at="2021-09-03T05:26:55Z">
          <reporter-output>
          </reporter-output>
        </test-method> <!-- verifyToCitySelectTest -->
        <test-method status="PASS" signature="verifyFindFlightsTest()[pri:5, instance:com.qa.demoBlaze.test.WelcomePageTest@7b227d8d]" name="verifyFindFlightsTest" duration-ms="912" started-at="2021-09-03T05:26:55Z" finished-at="2021-09-03T05:26:56Z">
          <reporter-output>
          </reporter-output>
        </test-method> <!-- verifyFindFlightsTest -->
        <test-method status="PASS" signature="tearDown()[pri:0, instance:com.qa.demoBlaze.test.WelcomePageTest@7b227d8d]" name="tearDown" is-config="true" duration-ms="657" started-at="2021-09-03T05:26:56Z" finished-at="2021-09-03T05:26:57Z">
          <reporter-output>
          </reporter-output>
        </test-method> <!-- tearDown -->
      </class> <!-- com.qa.demoBlaze.test.WelcomePageTest -->
    </test> <!-- Welcome Page Test -->
    <test name="Find Flights Page Test" duration-ms="8254" started-at="2021-09-03T05:26:57Z" finished-at="2021-09-03T05:27:05Z">
      <class name="com.qa.demoBlaze.test.FindFlightsPageTest">
        <test-method status="PASS" signature="setup()[pri:0, instance:com.qa.demoBlaze.test.FindFlightsPageTest@56de5251]" name="setup" is-config="true" duration-ms="3719" started-at="2021-09-03T05:26:57Z" finished-at="2021-09-03T05:27:01Z">
          <reporter-output>
          </reporter-output>
        </test-method> <!-- setup -->
        <test-method status="PASS" signature="FindFlightsPageSetup()[pri:0, instance:com.qa.demoBlaze.test.FindFlightsPageTest@56de5251]" name="FindFlightsPageSetup" is-config="true" duration-ms="1759" started-at="2021-09-03T05:27:01Z" finished-at="2021-09-03T05:27:02Z">
          <reporter-output>
          </reporter-output>
        </test-method> <!-- FindFlightsPageSetup -->
        <test-method status="PASS" signature="verifyChooseFlightTest()[pri:1, instance:com.qa.demoBlaze.test.FindFlightsPageTest@56de5251]" name="verifyChooseFlightTest" duration-ms="2066" started-at="2021-09-03T05:27:02Z" finished-at="2021-09-03T05:27:04Z">
          <reporter-output>
          </reporter-output>
        </test-method> <!-- verifyChooseFlightTest -->
        <test-method status="PASS" signature="tearDown()[pri:0, instance:com.qa.demoBlaze.test.FindFlightsPageTest@56de5251]" name="tearDown" is-config="true" duration-ms="710" started-at="2021-09-03T05:27:04Z" finished-at="2021-09-03T05:27:05Z">
          <reporter-output>
          </reporter-output>
        </test-method> <!-- tearDown -->
      </class> <!-- com.qa.demoBlaze.test.FindFlightsPageTest -->
    </test> <!-- Find Flights Page Test -->
    <test name="Purchase Page Test" duration-ms="5394" started-at="2021-09-03T05:27:05Z" finished-at="2021-09-03T05:27:10Z">
      <class name="com.qa.demoBlaze.test.PurchasePageTest">
        <test-method status="PASS" signature="setup()[pri:0, instance:com.qa.demoBlaze.test.PurchasePageTest@1ffe63b9]" name="setup" is-config="true" duration-ms="4947" started-at="2021-09-03T05:27:05Z" finished-at="2021-09-03T05:27:10Z">
          <reporter-output>
          </reporter-output>
        </test-method> <!-- setup -->
        <test-method status="FAIL" signature="PurchasePageSetup()[pri:0, instance:com.qa.demoBlaze.test.PurchasePageTest@1ffe63b9]" name="PurchasePageSetup" is-config="true" duration-ms="0" started-at="2021-09-03T05:27:10Z" finished-at="2021-09-03T05:27:10Z">
          <exception class="java.lang.NullPointerException">
            <full-stacktrace>
              <![CDATA[java.lang.NullPointerException
at com.qa.demoBlaze.test.PurchasePageTest.PurchasePageSetup(PurchasePageTest.java:23)
at sun.reflect.NativeMethodAccessorImpl.invoke0(Native Method)
at sun.reflect.NativeMethodAccessorImpl.invoke(NativeMethodAccessorImpl.java:62)
at sun.reflect.DelegatingMethodAccessorImpl.invoke(DelegatingMethodAccessorImpl.java:43)
at java.lang.reflect.Method.invoke(Method.java:498)
at org.testng.internal.MethodInvocationHelper.invokeMethod(MethodInvocationHelper.java:124)
at org.testng.internal.MethodInvocationHelper.invokeMethodConsideringTimeout(MethodInvocationHelper.java:59)
at org.testng.internal.Invoker.invokeConfigurationMethod(Invoker.java:458)
at org.testng.internal.Invoker.invokeConfigurations(Invoker.java:222)
at org.testng.internal.Invoker.invokeConfigurations(Invoker.java:142)
at org.testng.internal.TestMethodWorker.invokeBeforeClassMethods(TestMethodWorker.java:168)
at org.testng.internal.TestMethodWorker.run(TestMethodWorker.java:105)
at org.testng.TestRunner.privateRun(TestRunner.java:648)
at org.testng.TestRunner.run(TestRunner.java:505)
at org.testng.SuiteRunner.runTest(SuiteRunner.java:455)
at org.testng.SuiteRunner.runSequentially(SuiteRunner.java:450)
at org.testng.SuiteRunner.privateRun(SuiteRunner.java:415)
at org.testng.SuiteRunner.run(SuiteRunner.java:364)
at org.testng.SuiteRunnerWorker.runSuite(SuiteRunnerWorker.java:52)
at org.testng.SuiteRunnerWorker.run(SuiteRunnerWorker.java:84)
at org.testng.TestNG.runSuitesSequentially(TestNG.java:1208)
at org.testng.TestNG.runSuitesLocally(TestNG.java:1137)
at org.testng.TestNG.runSuites(TestNG.java:1049)
at org.testng.TestNG.run(TestNG.java:1017)
at org.testng.remote.AbstractRemoteTestNG.run(AbstractRemoteTestNG.java:115)
at org.testng.remote.RemoteTestNG.initAndRun(RemoteTestNG.java:251)
at org.testng.remote.RemoteTestNG.main(RemoteTestNG.java:77)
]]>
            </full-stacktrace>
          </exception> <!-- java.lang.NullPointerException -->
          <reporter-output>
          </reporter-output>
        </test-method> <!-- PurchasePageSetup -->
        <test-method status="SKIP" signature="verifyPurchasePageTitleTest()[pri:1, instance:com.qa.demoBlaze.test.PurchasePageTest@1ffe63b9]" name="verifyPurchasePageTitleTest" duration-ms="0" started-at="2021-09-03T05:27:10Z" finished-at="2021-09-03T05:27:10Z">
          <exception class="java.lang.NullPointerException">
            <full-stacktrace>
              <![CDATA[java.lang.NullPointerException
at com.qa.demoBlaze.test.PurchasePageTest.PurchasePageSetup(PurchasePageTest.java:23)
at sun.reflect.NativeMethodAccessorImpl.invoke0(Native Method)
at sun.reflect.NativeMethodAccessorImpl.invoke(NativeMethodAccessorImpl.java:62)
at sun.reflect.DelegatingMethodAccessorImpl.invoke(DelegatingMethodAccessorImpl.java:43)
at java.lang.reflect.Method.invoke(Method.java:498)
at org.testng.internal.MethodInvocationHelper.invokeMethod(MethodInvocationHelper.java:124)
at org.testng.internal.MethodInvocationHelper.invokeMethodConsideringTimeout(MethodInvocationHelper.java:59)
at org.testng.internal.Invoker.invokeConfigurationMethod(Invoker.java:458)
at org.testng.internal.Invoker.invokeConfigurations(Invoker.java:222)
at org.testng.internal.Invoker.invokeConfigurations(Invoker.java:142)
at org.testng.internal.TestMethodWorker.invokeBeforeClassMethods(TestMethodWorker.java:168)
at org.testng.internal.TestMethodWorker.run(TestMethodWorker.java:105)
at org.testng.TestRunner.privateRun(TestRunner.java:648)
at org.testng.TestRunner.run(TestRunner.java:505)
at org.testng.SuiteRunner.runTest(SuiteRunner.java:455)
at org.testng.SuiteRunner.runSequentially(SuiteRunner.java:450)
at org.testng.SuiteRunner.privateRun(SuiteRunner.java:415)
at org.testng.SuiteRunner.run(SuiteRunner.java:364)
at org.testng.SuiteRunnerWorker.runSuite(SuiteRunnerWorker.java:52)
at org.testng.SuiteRunnerWorker.run(SuiteRunnerWorker.java:84)
at org.testng.TestNG.runSuitesSequentially(TestNG.java:1208)
at org.testng.TestNG.runSuitesLocally(TestNG.java:1137)
at org.testng.TestNG.runSuites(TestNG.java:1049)
at org.testng.TestNG.run(TestNG.java:1017)
at org.testng.remote.AbstractRemoteTestNG.run(AbstractRemoteTestNG.java:115)
at org.testng.remote.RemoteTestNG.initAndRun(RemoteTestNG.java:251)
at org.testng.remote.RemoteTestNG.main(RemoteTestNG.java:77)
]]>
            </full-stacktrace>
          </exception> <!-- java.lang.NullPointerException -->
          <reporter-output>
          </reporter-output>
        </test-method> <!-- verifyPurchasePageTitleTest -->
        <test-method status="SKIP" signature="verifyPurchaseFormFillingTest(java.lang.String, java.lang.String, java.lang.String, java.lang.String, java.lang.String, java.lang.String, java.lang.String)[pri:2, instance:com.qa.demoBlaze.test.PurchasePageTest@1ffe63b9]" name="verifyPurchaseFormFillingTest" duration-ms="0" started-at="2021-09-03T05:27:10Z" data-provider="getPurchaseFormData" finished-at="2021-09-03T05:27:10Z">
          <exception class="java.lang.NullPointerException">
            <full-stacktrace>
              <![CDATA[java.lang.NullPointerException
at com.qa.demoBlaze.test.PurchasePageTest.PurchasePageSetup(PurchasePageTest.java:23)
at sun.reflect.NativeMethodAccessorImpl.invoke0(Native Method)
at sun.reflect.NativeMethodAccessorImpl.invoke(NativeMethodAccessorImpl.java:62)
at sun.reflect.DelegatingMethodAccessorImpl.invoke(DelegatingMethodAccessorImpl.java:43)
at java.lang.reflect.Method.invoke(Method.java:498)
at org.testng.internal.MethodInvocationHelper.invokeMethod(MethodInvocationHelper.java:124)
at org.testng.internal.MethodInvocationHelper.invokeMethodConsideringTimeout(MethodInvocationHelper.java:59)
at org.testng.internal.Invoker.invokeConfigurationMethod(Invoker.java:458)
at org.testng.internal.Invoker.invokeConfigurations(Invoker.java:222)
at org.testng.internal.Invoker.invokeConfigurations(Invoker.java:142)
at org.testng.internal.TestMethodWorker.invokeBeforeClassMethods(TestMethodWorker.java:168)
at org.testng.internal.TestMethodWorker.run(TestMethodWorker.java:105)
at org.testng.TestRunner.privateRun(TestRunner.java:648)
at org.testng.TestRunner.run(TestRunner.java:505)
at org.testng.SuiteRunner.runTest(SuiteRunner.java:455)
at org.testng.SuiteRunner.runSequentially(SuiteRunner.java:450)
at org.testng.SuiteRunner.privateRun(SuiteRunner.java:415)
at org.testng.SuiteRunner.run(SuiteRunner.java:364)
at org.testng.SuiteRunnerWorker.runSuite(SuiteRunnerWorker.java:52)
at org.testng.SuiteRunnerWorker.run(SuiteRunnerWorker.java:84)
at org.testng.TestNG.runSuitesSequentially(TestNG.java:1208)
at org.testng.TestNG.runSuitesLocally(TestNG.java:1137)
at org.testng.TestNG.runSuites(TestNG.java:1049)
at org.testng.TestNG.run(TestNG.java:1017)
at org.testng.remote.AbstractRemoteTestNG.run(AbstractRemoteTestNG.java:115)
at org.testng.remote.RemoteTestNG.initAndRun(RemoteTestNG.java:251)
at org.testng.remote.RemoteTestNG.main(RemoteTestNG.java:77)
]]>
            </full-stacktrace>
          </exception> <!-- java.lang.NullPointerException -->
          <reporter-output>
          </reporter-output>
        </test-method> <!-- verifyPurchaseFormFillingTest -->
        <test-method status="SKIP" signature="doPurchaseBtnClickTest()[pri:3, instance:com.qa.demoBlaze.test.PurchasePageTest@1ffe63b9]" name="doPurchaseBtnClickTest" duration-ms="0" started-at="2021-09-03T05:27:10Z" finished-at="2021-09-03T05:27:10Z">
          <exception class="java.lang.NullPointerException">
            <full-stacktrace>
              <![CDATA[java.lang.NullPointerException
at com.qa.demoBlaze.test.PurchasePageTest.PurchasePageSetup(PurchasePageTest.java:23)
at sun.reflect.NativeMethodAccessorImpl.invoke0(Native Method)
at sun.reflect.NativeMethodAccessorImpl.invoke(NativeMethodAccessorImpl.java:62)
at sun.reflect.DelegatingMethodAccessorImpl.invoke(DelegatingMethodAccessorImpl.java:43)
at java.lang.reflect.Method.invoke(Method.java:498)
at org.testng.internal.MethodInvocationHelper.invokeMethod(MethodInvocationHelper.java:124)
at org.testng.internal.MethodInvocationHelper.invokeMethodConsideringTimeout(MethodInvocationHelper.java:59)
at org.testng.internal.Invoker.invokeConfigurationMethod(Invoker.java:458)
at org.testng.internal.Invoker.invokeConfigurations(Invoker.java:222)
at org.testng.internal.Invoker.invokeConfigurations(Invoker.java:142)
at org.testng.internal.TestMethodWorker.invokeBeforeClassMethods(TestMethodWorker.java:168)
at org.testng.internal.TestMethodWorker.run(TestMethodWorker.java:105)
at org.testng.TestRunner.privateRun(TestRunner.java:648)
at org.testng.TestRunner.run(TestRunner.java:505)
at org.testng.SuiteRunner.runTest(SuiteRunner.java:455)
at org.testng.SuiteRunner.runSequentially(SuiteRunner.java:450)
at org.testng.SuiteRunner.privateRun(SuiteRunner.java:415)
at org.testng.SuiteRunner.run(SuiteRunner.java:364)
at org.testng.SuiteRunnerWorker.runSuite(SuiteRunnerWorker.java:52)
at org.testng.SuiteRunnerWorker.run(SuiteRunnerWorker.java:84)
at org.testng.TestNG.runSuitesSequentially(TestNG.java:1208)
at org.testng.TestNG.runSuitesLocally(TestNG.java:1137)
at org.testng.TestNG.runSuites(TestNG.java:1049)
at org.testng.TestNG.run(TestNG.java:1017)
at org.testng.remote.AbstractRemoteTestNG.run(AbstractRemoteTestNG.java:115)
at org.testng.remote.RemoteTestNG.initAndRun(RemoteTestNG.java:251)
at org.testng.remote.RemoteTestNG.main(RemoteTestNG.java:77)
]]>
            </full-stacktrace>
          </exception> <!-- java.lang.NullPointerException -->
          <reporter-output>
          </reporter-output>
        </test-method> <!-- doPurchaseBtnClickTest -->
        <test-method status="SKIP" signature="verifyConfirmationID()[pri:4, instance:com.qa.demoBlaze.test.PurchasePageTest@1ffe63b9]" name="verifyConfirmationID" duration-ms="0" started-at="2021-09-03T05:27:10Z" finished-at="2021-09-03T05:27:10Z">
          <exception class="java.lang.NullPointerException">
            <full-stacktrace>
              <![CDATA[java.lang.NullPointerException
at com.qa.demoBlaze.test.PurchasePageTest.PurchasePageSetup(PurchasePageTest.java:23)
at sun.reflect.NativeMethodAccessorImpl.invoke0(Native Method)
at sun.reflect.NativeMethodAccessorImpl.invoke(NativeMethodAccessorImpl.java:62)
at sun.reflect.DelegatingMethodAccessorImpl.invoke(DelegatingMethodAccessorImpl.java:43)
at java.lang.reflect.Method.invoke(Method.java:498)
at org.testng.internal.MethodInvocationHelper.invokeMethod(MethodInvocationHelper.java:124)
at org.testng.internal.MethodInvocationHelper.invokeMethodConsideringTimeout(MethodInvocationHelper.java:59)
at org.testng.internal.Invoker.invokeConfigurationMethod(Invoker.java:458)
at org.testng.internal.Invoker.invokeConfigurations(Invoker.java:222)
at org.testng.internal.Invoker.invokeConfigurations(Invoker.java:142)
at org.testng.internal.TestMethodWorker.invokeBeforeClassMethods(TestMethodWorker.java:168)
at org.testng.internal.TestMethodWorker.run(TestMethodWorker.java:105)
at org.testng.TestRunner.privateRun(TestRunner.java:648)
at org.testng.TestRunner.run(TestRunner.java:505)
at org.testng.SuiteRunner.runTest(SuiteRunner.java:455)
at org.testng.SuiteRunner.runSequentially(SuiteRunner.java:450)
at org.testng.SuiteRunner.privateRun(SuiteRunner.java:415)
at org.testng.SuiteRunner.run(SuiteRunner.java:364)
at org.testng.SuiteRunnerWorker.runSuite(SuiteRunnerWorker.java:52)
at org.testng.SuiteRunnerWorker.run(SuiteRunnerWorker.java:84)
at org.testng.TestNG.runSuitesSequentially(TestNG.java:1208)
at org.testng.TestNG.runSuitesLocally(TestNG.java:1137)
at org.testng.TestNG.runSuites(TestNG.java:1049)
at org.testng.TestNG.run(TestNG.java:1017)
at org.testng.remote.AbstractRemoteTestNG.run(AbstractRemoteTestNG.java:115)
at org.testng.remote.RemoteTestNG.initAndRun(RemoteTestNG.java:251)
at org.testng.remote.RemoteTestNG.main(RemoteTestNG.java:77)
]]>
            </full-stacktrace>
          </exception> <!-- java.lang.NullPointerException -->
          <reporter-output>
          </reporter-output>
        </test-method> <!-- verifyConfirmationID -->
        <test-method status="SKIP" signature="tearDown()[pri:0, instance:com.qa.demoBlaze.test.PurchasePageTest@1ffe63b9]" name="tearDown" is-config="true" duration-ms="0" started-at="2021-09-03T05:27:10Z" finished-at="2021-09-03T05:27:10Z">
          <reporter-output>
          </reporter-output>
        </test-method> <!-- tearDown -->
      </class> <!-- com.qa.demoBlaze.test.PurchasePageTest -->
    </test> <!-- Purchase Page Test -->
  </suite> <!-- Demo Blaze Application Regression Suite -->
</testng-results>
